<?xml version="1.0" encoding="UTF-8"?>
<!-- Generated by org.testng.reporters.JUnitReportReporter -->
<testsuite hostname="DESKTOP-EQE7IHR" failures="0" tests="1" name="TestCase.TestCaseDemo" time="0.082" errors="0" timestamp="2022-09-30T22:33:42 IST" skipped="0">
  <testcase classname="TestCase.TestCaseDemo" name="test" time="0.082"/>
  <system-out/>
</testsuite> <!-- TestCase.TestCaseDemo -->
