<?xml version="1.0" encoding="UTF-8"?>
<!-- Generated by org.testng.reporters.JUnitReportReporter -->
<testsuite hostname="DESKTOP-EQE7IHR" failures="0" tests="2" name="Test.Test_Assert" time="13.122" errors="0" timestamp="2022-10-10T23:28:42 IST" skipped="0">
  <testcase classname="Test.Test_Assert" name="test2" time="0.010"/>
  <system-out/>
  <testcase classname="Test.Test_Assert" name="test1" time="13.112"/>
  <system-out/>
</testsuite> <!-- Test.Test_Assert -->
