<?xml version="1.0" encoding="UTF-8"?>
<!-- Generated by org.testng.reporters.JUnitReportReporter -->
<testsuite hostname="DESKTOP-EQE7IHR" failures="0" tests="3" name="TestCase.TestData" time="0.043" errors="0" timestamp="2022-10-01T18:16:47 IST" skipped="0">
  <testcase classname="TestCase.TestData" name="test1" time="0.028"/>
  <system-out/>
  <testcase classname="TestCase.TestData" name="test2" time="0.005"/>
  <system-out/>
  <testcase classname="TestCase.TestData" name="test3" time="0.010"/>
  <system-out/>
</testsuite> <!-- TestCase.TestData -->
