<?xml version="1.0" encoding="UTF-8"?>
<!-- Generated by org.testng.reporters.JUnitReportReporter -->
<testsuite hostname="DESKTOP-EQE7IHR" failures="0" tests="1" name="annotaion.Annotationflow" time="12.960" errors="0" timestamp="2022-10-04T00:09:58 IST" skipped="0">
  <testcase classname="annotaion.Annotationflow" name="test" time="12.960"/>
  <system-out/>
</testsuite> <!-- annotaion.Annotationflow -->
