<?xml version="1.0" encoding="UTF-8"?>
<!-- Generated by org.testng.reporters.JUnitReportReporter -->
<testsuite hostname="DESKTOP-EQE7IHR" failures="0" tests="7" name="annotaion.TestNG" time="0.152" errors="0" timestamp="2022-10-04T00:09:58 IST" skipped="1">
  <testcase classname="annotaion.TestNG" name="testb" time="0.010"/>
  <system-out/>
  <testcase classname="annotaion.TestNG" name="testa" time="0.026"/>
  <system-out/>
  <testcase classname="annotaion.TestNG" name="tests" time="0.012"/>
  <system-out/>
  <testcase classname="annotaion.TestNG" name="tests" time="0.010"/>
  <system-out/>
  <testcase classname="annotaion.TestNG" name="tests" time="0.010"/>
  <system-out/>
  <testcase classname="annotaion.TestNG" name="tests" time="0.084"/>
  <system-out/>
  <testcase classname="annotaion.TestNG" name="testz">
    <skipped/>
  </testcase> <!-- testz -->
  <system-out/>
</testsuite> <!-- annotaion.TestNG -->
