<?xml version="1.0" encoding="UTF-8"?>
<!-- Generated by org.testng.reporters.JUnitReportReporter -->
<testsuite hostname="DESKTOP-EQE7IHR" failures="0" tests="1" name="Practice.Autosuggesion" time="38.426" errors="0" timestamp="2022-10-07T22:23:16 IST" skipped="0">
  <testcase classname="Practice.Autosuggesion" name="test1" time="38.426"/>
  <system-out/>
</testsuite> <!-- Practice.Autosuggesion -->
